Build started 25/02/2015 4:12:37 PM.
     1>Project "D:\Projects\CourseProjects\AIE_ComputerGraphics\AIE_ComputerGraphics.vcxproj" on node 2 (Build target(s)).
     1>ClCompile:
         C:\Program Files (x86)\Microsoft Visual Studio 12.0\VC\bin\CL.exe /c /ID:\Projects\CourseProjects\AIE_ComputerGraphics\ /ZI /nologo /W3 /WX- /Od /Oy- /D WIN32 /D _DEBUG /D _CONSOLE /D _LIB /D _MBCS /Gm /EHsc /RTC1 /MDd /GS /fp:precise /Zc:wchar_t /Zc:forScope /Fo"D:\Projects\CourseProjects\AIE_ComputerGraphics\Debug\\" /Fd"D:\Projects\CourseProjects\AIE_ComputerGraphics\Debug\vc120.pdb" /Gd /TP /analyze- /errorReport:prompt aie\Gizmos.cpp application.cpp main.cpp
         main.cpp
         application.cpp
         GLM: perspective function taking degrees as a parameter is deprecated. #define GLM_FORCE_RADIANS before including GLM headers to remove this message.
         Gizmos.cpp
         Generating Code...
         C:\Program Files (x86)\Microsoft Visual Studio 12.0\VC\bin\CL.exe /c /ID:\Projects\CourseProjects\AIE_ComputerGraphics\ /ZI /nologo /W3 /WX- /Od /Oy- /D WIN32 /D _DEBUG /D _CONSOLE /D _LIB /D _MBCS /Gm /EHsc /RTC1 /MDd /GS /fp:precise /Zc:wchar_t /Zc:forScope /Fo"D:\Projects\CourseProjects\AIE_ComputerGraphics\Debug\\" /Fd"D:\Projects\CourseProjects\AIE_ComputerGraphics\Debug\vc120.pdb" /Gd /TC /analyze- /errorReport:prompt opengl\gl_core_4_4.c
         gl_core_4_4.c
       Link:
         C:\Program Files (x86)\Microsoft Visual Studio 12.0\VC\bin\link.exe /ERRORREPORT:PROMPT /OUT:"D:\Projects\CourseProjects\AIE_ComputerGraphics\AIE_ComputerGraphics.exe" /INCREMENTAL /NOLOGO /LIBPATH:D:\Projects\CourseProjects\AIE_ComputerGraphics\glfw OpenGL32.Lib glfw3.lib glfw3dll.lib kernel32.lib user32.lib gdi32.lib winspool.lib comdlg32.lib advapi32.lib shell32.lib ole32.lib oleaut32.lib uuid.lib odbc32.lib odbccp32.lib /MANIFEST /MANIFESTUAC:"level='asInvoker' uiAccess='false'" /manifest:embed /DEBUG /PDB:"D:\Projects\CourseProjects\AIE_ComputerGraphics\AIE_ComputerGraphics.pdb" /SUBSYSTEM:CONSOLE /TLBID:1 /DYNAMICBASE /NXCOMPAT /IMPLIB:"D:\Projects\CourseProjects\AIE_ComputerGraphics\AIE_ComputerGraphics.lib" /MACHINE:X86 /ignore:4098 D:\Projects\CourseProjects\AIE_ComputerGraphics\Debug\Gizmos.obj
         D:\Projects\CourseProjects\AIE_ComputerGraphics\Debug\application.obj
         D:\Projects\CourseProjects\AIE_ComputerGraphics\Debug\main.obj
         D:\Projects\CourseProjects\AIE_ComputerGraphics\Debug\gl_core_4_4.obj
         AIE_ComputerGraphics.vcxproj -> D:\Projects\CourseProjects\AIE_ComputerGraphics\AIE_ComputerGraphics.exe
     1>Done Building Project "D:\Projects\CourseProjects\AIE_ComputerGraphics\AIE_ComputerGraphics.vcxproj" (Build target(s)).

Build succeeded.

Time Elapsed 00:00:07.45
